<?xml version="1.0" encoding="UTF-8"?>
<!-- Generated by org.testng.reporters.JUnitReportReporter -->
<testsuite skipped="0" hostname="tvmonbroker" name="testcases.SearchForm" tests="1" failures="0" timestamp="09 May 2019 16:56:49 GMT" time="7.422" errors="0">
  <testcase name="searchform" time="7.422" classname="testcases.SearchForm"/>
</testsuite> <!-- testcases.SearchForm -->
