<?xml version="1.0" encoding="UTF-8"?>
<!-- Generated by org.testng.reporters.JUnitReportReporter -->
<testsuite skipped="0" hostname="tvmonbroker" name="testcases.LaunchFD" tests="1" failures="0" timestamp="16 May 2019 07:16:32 GMT" time="30.623" errors="0">
  <testcase name="launchFD" time="30.623" classname="testcases.LaunchFD"/>
</testsuite> <!-- testcases.LaunchFD -->
